<?xml version="1.0" encoding="UTF-8"?>
<!-- Generated by org.testng.reporters.JUnitReportReporter -->
<testsuite hostname="TYSS-Kalpana" failures="0" tests="1" name="sample.CreateContactTest" time="11.361" errors="0" timestamp="2024-01-05T14:17:25 IST" skipped="0">
  <testcase classname="sample.CreateContactTest" name="createContact" time="11.361"/>
  <system-out/>
</testsuite> <!-- sample.CreateContactTest -->
