<?xml version="1.0" encoding="UTF-8"?>
<!-- Generated by org.testng.reporters.JUnitReportReporter -->
<testsuite hostname="TYSS-Kalpana" failures="0" tests="1" name="contacts.CreateContactTest" time="8.562" errors="0" timestamp="2024-01-18T10:57:14 IST" skipped="0">
  <testcase classname="contacts.CreateContactTest" name="createContactTest" time="8.562"/>
  <system-out/>
</testsuite> <!-- contacts.CreateContactTest -->
